{"numFailedTestSuites":1,"numFailedTests":0,"numPassedTestSuites":0,"numPassedTests":0,"numPendingTestSuites":0,"numPendingTests":0,"numRuntimeErrorTestSuites":1,"numTodoTests":0,"numTotalTestSuites":1,"numTotalTests":0,"openHandles":[],"snapshot":{"added":0,"didUpdate":false,"failure":false,"filesAdded":0,"filesRemoved":0,"filesRemovedList":[],"filesUnmatched":0,"filesUpdated":0,"matched":0,"total":0,"unchecked":0,"uncheckedKeysByFile":[],"unmatched":0,"updated":0},"startTime":1773066787473,"success":false,"testResults":[{"assertionResults":[],"coverage":{},"endTime":1773066788177,"message":"  ΓùÅ Test suite failed to run\n\n    Jest encountered an unexpected token\n\n    Jest failed to parse a file. This happens e.g. when your code or its dependencies use non-standard JavaScript syntax, or when Jest is not configured to support such syntax.\n\n    Out of the box Jest supports Babel, which will be used to transform your files into valid JS based on your Babel configuration.\n\n    By default \"node_modules\" folder is ignored by transformers.\n\n    Here's what you can do:\n     ΓÇó If you are trying to use ECMAScript Modules, see https://jestjs.io/docs/ecmascript-modules for how to enable it.\n     ΓÇó If you are trying to use TypeScript, see https://jestjs.io/docs/getting-started#using-typescript\n     ΓÇó To have some of your \"node_modules\" files transformed, you can specify a custom \"transformIgnorePatterns\" in your config.\n     ΓÇó If you need a custom transformation specify a \"transform\" option in your config.\n     ΓÇó If you simply want to mock your non-JS modules (e.g. binary assets) you can stub them out with the \"moduleNameMapper\" config option.\n\n    You'll find more details and examples of these config options in the docs:\n    https://jestjs.io/docs/configuration\n    For information about custom transformations, see:\n    https://jestjs.io/docs/code-transformation\n\n    Details:\n\n    C:\\Git\\LIFELINE-Pro\\backend\\tests\\crud-operations.test.js:1\n    ({\"Object.<anonymous>\":function(module,exports,require,__dirname,__filename,jest){import axios from 'axios';\n                                                                                      ^^^^^^\n\n    SyntaxError: Cannot use import statement outside a module\n\n      at Runtime.createScriptFromCode (node_modules/jest-runtime/build/index.js:1505:14)\n","name":"C:\\Git\\LIFELINE-Pro\\backend\\tests\\crud-operations.test.js","startTime":1773066788177,"status":"failed","summary":""}],"wasInterrupted":false}
